<?xml version="1.0" encoding="utf-8"?><testsuites name="pytest tests"><testsuite name="pytest" errors="0" failures="0" skipped="0" tests="4" time="2.249" timestamp="2026-09-12T16:37:15.522429+00:00" hostname="agent-env-3500b72c-0e00-483b-b878-3d5c6341ec4c"><testcase classname="tests.test_iter6_features.TestFilters" name="test_rami_endpoint" time="0.648" /><testcase classname="tests.test_iter6_features.TestCollaboratoreDetail" name="test_detail_stats" time="1.188" /><testcase classname="tests.test_iter6_features.TestFilters" name="test_filter_by_collaboratore_ramo_compagnia" time="0.711" /><testcase classname="tests.test_iter6_features.TestStoricoCliente" name="test_expired_stats" time="0.397" /></testsuite></testsuites>