<?xml version="1.0" encoding="utf-8"?><testsuites name="pytest tests"><testsuite name="pytest" errors="0" failures="0" skipped="0" tests="8" time="2.154" timestamp="2026-09-12T14:22:48.280008+00:00" hostname="agent-env-3500b72c-0e00-483b-b878-3d5c6341ec4c"><testcase classname="tests.test_new_features.TestRenew" name="test_renew_shifts_year" time="0.727" /><testcase classname="tests.test_new_features.TestRenew" name="test_renew_unauth" time="0.145" /><testcase classname="tests.test_new_features.TestRenew" name="test_renew_not_found" time="0.065" /><testcase classname="tests.test_new_features.TestImportMapping" name="test_preview_standard" time="0.141" /><testcase classname="tests.test_new_features.TestImportMapping" name="test_preview_custom_headers" time="0.069" /><testcase classname="tests.test_new_features.TestImportMapping" name="test_import_with_mapping" time="0.191" /><testcase classname="tests.test_new_features.TestDocuments" name="test_full_flow" time="0.347" /><testcase classname="tests.test_new_features.TestDocuments" name="test_upload_unauth" time="0.217" /></testsuite></testsuites>