<?xml version="1.0" encoding="utf-8"?><testsuites name="pytest tests"><testsuite name="pytest" errors="0" failures="1" skipped="0" tests="19" time="5.554" timestamp="2026-09-12T13:49:52.388175+00:00" hostname="agent-env-3500b72c-0e00-483b-b878-3d5c6341ec4c"><testcase classname="tests.backend_test.TestAuth" name="test_unauth_policies_returns_401" time="0.508" /><testcase classname="tests.backend_test.TestPolicies" name="test_create_and_get" time="0.874" /><testcase classname="tests.backend_test.TestPolicies" name="test_list_and_search" time="0.125" /><testcase classname="tests.backend_test.TestAuth" name="test_login_and_me" time="0.479" /><testcase classname="tests.backend_test.TestAuth" name="test_login_wrong_password" time="0.377" /><testcase classname="tests.backend_test.TestPolicies" name="test_update" time="0.126" /><testcase classname="tests.backend_test.TestPolicies" name="test_scadenziario" time="0.238" /><testcase classname="tests.backend_test.TestPolicies" name="test_dashboard" time="0.063" /><testcase classname="tests.backend_test.TestAuth" name="test_register_new_user" time="0.482" /><testcase classname="tests.backend_test.TestZCleanup" name="test_delete_signatures" time="0.000" /><testcase classname="tests.backend_test.TestZCleanup" name="test_delete_templates" time="0.000" /><testcase classname="tests.backend_test.TestZCleanup" name="test_delete_policies" time="0.315" /><testcase classname="tests.backend_test.TestExtract" name="test_extract_fields_list" time="0.063" /><testcase classname="tests.backend_test.TestExtract" name="test_extract_pdf" time="2.597" /><testcase classname="tests.backend_test.TestExcel" name="test_export_template" time="0.077" /><testcase classname="tests.backend_test.TestExcel" name="test_export" time="0.169" /><testcase classname="tests.backend_test.TestExcel" name="test_import" time="0.365"><failure message="AssertionError: {&quot;detail&quot;:&quot;Nessuna riga valida trovata nel file&quot;}&#10;assert 400 == 200&#10; +  where 400 = &lt;Response [400]&gt;.status_code">backend/tests/backend_test.py:143: in test_import
    assert r.status_code == 200, r.text
E   AssertionError: {"detail":"Nessuna riga valida trovata nel file"}
E   assert 400 == 200
E    +  where 400 = &lt;Response [400]&gt;.status_code</failure></testcase><testcase classname="tests.backend_test.TestTemplates" name="test_create_template_and_fields_and_generate" time="0.256" /><testcase classname="tests.backend_test.TestSignatures" name="test_signature_flow" time="0.342" /></testsuite></testsuites>